<?xml version="1.0" encoding="UTF-8"?>
<!-- Generated by org.testng.reporters.JUnitReportReporter -->
<testsuite skipped="0" hostname="DESKTOP-9K77OJE" name="StepDef.Guru99Bank" tests="1" failures="0" timestamp="31 Jul 2019 06:00:57 GMT" time="7.852" errors="0">
  <testcase name="GuruBank" time="7.852" classname="StepDef.Guru99Bank"/>
</testsuite> <!-- StepDef.Guru99Bank -->
